2020/02/17 18:29:37 [emerg] 1#1: "location" directive is not allowed here in /etc/nginx/conf.d/default.conf:22
2020/02/17 18:29:40 [emerg] 1#1: "location" directive is not allowed here in /etc/nginx/conf.d/default.conf:22
2020/02/17 18:29:42 [emerg] 1#1: "location" directive is not allowed here in /etc/nginx/conf.d/default.conf:22
2020/02/17 18:29:49 [emerg] 1#1: "location" directive is not allowed here in /etc/nginx/conf.d/default.conf:22
2020/02/17 18:29:51 [emerg] 1#1: "location" directive is not allowed here in /etc/nginx/conf.d/default.conf:22
2020/02/17 18:29:54 [emerg] 1#1: "location" directive is not allowed here in /etc/nginx/conf.d/default.conf:22
2020/02/17 18:29:56 [emerg] 1#1: "location" directive is not allowed here in /etc/nginx/conf.d/default.conf:22
2020/02/17 18:30:03 [emerg] 1#1: "location" directive is not allowed here in /etc/nginx/conf.d/default.conf:22
2020/02/17 18:30:06 [emerg] 1#1: "location" directive is not allowed here in /etc/nginx/conf.d/default.conf:22
2020/02/17 18:30:11 [emerg] 1#1: "location" directive is not allowed here in /etc/nginx/conf.d/default.conf:22
2020/02/17 18:30:18 [emerg] 1#1: "location" directive is not allowed here in /etc/nginx/conf.d/default.conf:22
2020/02/17 18:30:30 [emerg] 1#1: "location" directive is not allowed here in /etc/nginx/conf.d/default.conf:22
2020/02/17 18:30:32 [emerg] 1#1: "location" directive is not allowed here in /etc/nginx/conf.d/default.conf:22
2020/02/17 18:30:34 [emerg] 1#1: "location" directive is not allowed here in /etc/nginx/conf.d/default.conf:22
2020/02/17 18:30:36 [emerg] 1#1: "location" directive is not allowed here in /etc/nginx/conf.d/default.conf:22
2020/02/17 18:30:38 [emerg] 1#1: "location" directive is not allowed here in /etc/nginx/conf.d/default.conf:22
2020/02/17 18:30:41 [emerg] 1#1: "location" directive is not allowed here in /etc/nginx/conf.d/default.conf:22
2020/02/17 18:30:45 [emerg] 1#1: "location" directive is not allowed here in /etc/nginx/conf.d/default.conf:22
2020/02/17 18:30:53 [emerg] 1#1: "location" directive is not allowed here in /etc/nginx/conf.d/default.conf:22
2020/02/17 18:31:07 [emerg] 1#1: "location" directive is not allowed here in /etc/nginx/conf.d/default.conf:22
2020/02/17 18:31:22 [error] 6#6: *1 directory index of "/var/www/html/" is forbidden, client: 172.29.0.1, server: localhost, request: "HEAD / HTTP/1.1", host: "localhost:8000"
2020/02/17 18:31:22 [error] 6#6: *1 directory index of "/var/www/html/" is forbidden, client: 172.29.0.1, server: localhost, request: "HEAD / HTTP/1.1", host: "localhost:8000"
2020/02/17 18:31:23 [error] 6#6: *1 directory index of "/var/www/html/" is forbidden, client: 172.29.0.1, server: localhost, request: "HEAD / HTTP/1.1", host: "localhost:8000"
2020/02/17 18:31:32 [error] 6#6: *2 directory index of "/var/www/html/" is forbidden, client: 172.29.0.1, server: localhost, request: "GET / HTTP/1.1", host: "localhost:8000"
2020/02/17 18:31:33 [error] 6#6: *2 rewrite or internal redirection cycle while internally redirecting to "/index.php", client: 172.29.0.1, server: localhost, request: "GET /favicon.ico HTTP/1.1", host: "localhost:8000", referrer: "http://localhost:8000/"
2020/02/17 18:31:51 [error] 6#6: *4 rewrite or internal redirection cycle while internally redirecting to "/index.php", client: 172.29.0.1, server: localhost, request: "GET /favicon.ico HTTP/1.1", host: "localhost:8000", referrer: "http://localhost:8000/"
2020/02/17 18:31:51 [error] 6#6: *5 directory index of "/var/www/html/" is forbidden, client: 172.29.0.1, server: localhost, request: "GET / HTTP/1.1", host: "localhost:8000"
2020/02/17 18:31:51 [error] 6#6: *5 rewrite or internal redirection cycle while internally redirecting to "/index.php", client: 172.29.0.1, server: localhost, request: "GET /favicon.ico HTTP/1.1", host: "localhost:8000", referrer: "http://localhost:8000/"
2020/02/17 18:31:59 [error] 6#6: *1 directory index of "/var/www/html/" is forbidden, client: 172.29.0.1, server: localhost, request: "HEAD / HTTP/1.1", host: "localhost:8000"
2020/02/17 18:32:00 [error] 6#6: *1 directory index of "/var/www/html/" is forbidden, client: 172.29.0.1, server: localhost, request: "HEAD / HTTP/1.1", host: "localhost:8000"
2020/02/17 18:32:00 [error] 6#6: *2 directory index of "/var/www/html/" is forbidden, client: 172.29.0.1, server: localhost, request: "HEAD / HTTP/1.1", host: "localhost:8000"
2020/02/17 18:32:02 [error] 6#6: *4 directory index of "/var/www/html/" is forbidden, client: 172.29.0.1, server: localhost, request: "GET / HTTP/1.1", host: "localhost:8000"
2020/02/17 18:32:02 [error] 6#6: *4 rewrite or internal redirection cycle while internally redirecting to "/index.php", client: 172.29.0.1, server: localhost, request: "GET /favicon.ico HTTP/1.1", host: "localhost:8000", referrer: "http://localhost:8000/"
2020/02/17 18:32:36 [error] 6#6: *6 directory index of "/var/www/html/" is forbidden, client: 172.29.0.1, server: localhost, request: "GET / HTTP/1.1", host: "localhost:8000"
2020/02/17 18:32:37 [error] 6#6: *6 rewrite or internal redirection cycle while internally redirecting to "/index.php", client: 172.29.0.1, server: localhost, request: "GET /favicon.ico HTTP/1.1", host: "localhost:8000", referrer: "http://localhost:8000/"
2020/02/17 18:32:41 [error] 6#6: *5 directory index of "/var/www/html/" is forbidden, client: 172.29.0.1, server: localhost, request: "GET / HTTP/1.1", host: "localhost:8000"
2020/02/17 18:32:41 [error] 6#6: *5 rewrite or internal redirection cycle while internally redirecting to "/index.php", client: 172.29.0.1, server: localhost, request: "GET /favicon.ico HTTP/1.1", host: "localhost:8000", referrer: "http://localhost:8000/"
2020/02/17 18:32:59 [error] 6#6: *8 rewrite or internal redirection cycle while internally redirecting to "/index.php", client: 172.29.0.1, server: localhost, request: "GET /favicon.ico HTTP/1.1", host: "localhost:8000", referrer: "http://localhost:8000/"
2020/02/17 18:32:59 [error] 6#6: *9 directory index of "/var/www/html/" is forbidden, client: 172.29.0.1, server: localhost, request: "GET / HTTP/1.1", host: "localhost:8000"
2020/02/17 18:32:59 [error] 6#6: *9 rewrite or internal redirection cycle while internally redirecting to "/index.php", client: 172.29.0.1, server: localhost, request: "GET /favicon.ico HTTP/1.1", host: "localhost:8000", referrer: "http://localhost:8000/"
2020/02/17 18:33:46 [error] 6#6: *11 rewrite or internal redirection cycle while internally redirecting to "/index.php", client: 172.29.0.1, server: localhost, request: "GET /favicon.ico HTTP/1.1", host: "localhost:8000", referrer: "http://localhost:8000/"
2020/02/17 18:36:51 [error] 6#6: *13 rewrite or internal redirection cycle while internally redirecting to "/index.php", client: 172.29.0.1, server: localhost, request: "GET /favicon.ico HTTP/1.1", host: "localhost:8000", referrer: "http://localhost:8000/"
2020/02/17 18:40:32 [emerg] 1#1: host not found in upstream "php-fpm" in /etc/nginx/conf.d/default.conf:14
2020/02/17 18:40:34 [emerg] 1#1: host not found in upstream "php-fpm" in /etc/nginx/conf.d/default.conf:14
2020/02/17 18:40:37 [emerg] 1#1: host not found in upstream "php-fpm" in /etc/nginx/conf.d/default.conf:14
2020/02/17 18:40:40 [emerg] 1#1: host not found in upstream "php-fpm" in /etc/nginx/conf.d/default.conf:14
2020/02/17 18:40:42 [emerg] 1#1: host not found in upstream "php-fpm" in /etc/nginx/conf.d/default.conf:14
2020/02/17 18:40:45 [emerg] 1#1: host not found in upstream "php-fpm" in /etc/nginx/conf.d/default.conf:14
2020/02/17 18:40:49 [emerg] 1#1: host not found in upstream "php-fpm" in /etc/nginx/conf.d/default.conf:14
2020/02/17 18:40:57 [emerg] 1#1: host not found in upstream "php-fpm" in /etc/nginx/conf.d/default.conf:14
2020/02/17 18:41:11 [emerg] 1#1: host not found in upstream "php-fpm" in /etc/nginx/conf.d/default.conf:14
2020/02/17 18:41:38 [emerg] 1#1: host not found in upstream "php-fpm" in /etc/nginx/conf.d/default.conf:14
2020/02/17 18:42:31 [emerg] 1#1: host not found in upstream "php-fpm" in /etc/nginx/conf.d/default.conf:14
2020/02/17 18:43:32 [emerg] 1#1: host not found in upstream "php-fpm" in /etc/nginx/conf.d/default.conf:14
2020/02/17 18:44:33 [emerg] 1#1: host not found in upstream "php-fpm" in /etc/nginx/conf.d/default.conf:14
2020/02/17 18:45:34 [emerg] 1#1: host not found in upstream "php-fpm" in /etc/nginx/conf.d/default.conf:14
2020/02/17 18:46:35 [emerg] 1#1: host not found in upstream "php-fpm" in /etc/nginx/conf.d/default.conf:14
2020/02/17 18:47:36 [emerg] 1#1: host not found in upstream "php-fpm" in /etc/nginx/conf.d/default.conf:14
2020/02/17 18:48:37 [emerg] 1#1: host not found in upstream "php-fpm" in /etc/nginx/conf.d/default.conf:14
2020/02/17 18:49:39 [emerg] 1#1: host not found in upstream "php-fpm" in /etc/nginx/conf.d/default.conf:14
2020/02/17 18:50:40 [emerg] 1#1: host not found in upstream "php-fpm" in /etc/nginx/conf.d/default.conf:14
2020/02/17 18:51:41 [emerg] 1#1: host not found in upstream "php-fpm" in /etc/nginx/conf.d/default.conf:14
2020/02/17 18:52:42 [emerg] 1#1: host not found in upstream "php-fpm" in /etc/nginx/conf.d/default.conf:14
2020/02/17 18:53:43 [emerg] 1#1: host not found in upstream "php-fpm" in /etc/nginx/conf.d/default.conf:14
2020/02/17 18:54:44 [emerg] 1#1: host not found in upstream "php-fpm" in /etc/nginx/conf.d/default.conf:14
2020/02/17 18:55:46 [emerg] 1#1: host not found in upstream "php-fpm" in /etc/nginx/conf.d/default.conf:14
2020/02/17 18:56:47 [emerg] 1#1: host not found in upstream "php-fpm" in /etc/nginx/conf.d/default.conf:14
2020/02/17 18:57:48 [emerg] 1#1: host not found in upstream "php-fpm" in /etc/nginx/conf.d/default.conf:14
2020/02/17 18:58:49 [emerg] 1#1: host not found in upstream "php-fpm" in /etc/nginx/conf.d/default.conf:14
2020/02/17 18:59:50 [emerg] 1#1: host not found in upstream "php-fpm" in /etc/nginx/conf.d/default.conf:14
2020/02/17 19:00:51 [emerg] 1#1: host not found in upstream "php-fpm" in /etc/nginx/conf.d/default.conf:14
2020/02/17 19:01:52 [emerg] 1#1: host not found in upstream "php-fpm" in /etc/nginx/conf.d/default.conf:14
2020/02/17 19:02:54 [emerg] 1#1: host not found in upstream "php-fpm" in /etc/nginx/conf.d/default.conf:14
2020/02/17 19:19:14 [emerg] 1#1: host not found in upstream "php-fpm" in /etc/nginx/conf.d/default.conf:14
2020/02/17 19:19:17 [emerg] 1#1: host not found in upstream "php-fpm" in /etc/nginx/conf.d/default.conf:14
2020/02/17 19:19:19 [emerg] 1#1: host not found in upstream "php-fpm" in /etc/nginx/conf.d/default.conf:14
2020/02/17 19:19:21 [emerg] 1#1: host not found in upstream "php-fpm" in /etc/nginx/conf.d/default.conf:14
2020/02/17 19:19:23 [emerg] 1#1: host not found in upstream "php-fpm" in /etc/nginx/conf.d/default.conf:14
2020/02/17 19:19:26 [emerg] 1#1: host not found in upstream "php-fpm" in /etc/nginx/conf.d/default.conf:14
2020/02/17 19:19:31 [emerg] 1#1: host not found in upstream "php-fpm" in /etc/nginx/conf.d/default.conf:14
2020/02/17 19:19:39 [emerg] 1#1: host not found in upstream "php-fpm" in /etc/nginx/conf.d/default.conf:14
2020/02/17 19:19:53 [emerg] 1#1: host not found in upstream "php-fpm" in /etc/nginx/conf.d/default.conf:14
2020/02/17 19:20:20 [emerg] 1#1: host not found in upstream "php-fpm" in /etc/nginx/conf.d/default.conf:14
2020/02/17 19:21:13 [emerg] 1#1: host not found in upstream "php-fpm" in /etc/nginx/conf.d/default.conf:14
2020/02/17 19:22:14 [emerg] 1#1: host not found in upstream "php-fpm" in /etc/nginx/conf.d/default.conf:14
2020/02/17 19:22:43 [emerg] 1#1: host not found in upstream "php-fpm" in /etc/nginx/conf.d/default.conf:14
2020/02/17 19:22:46 [emerg] 1#1: host not found in upstream "php-fpm" in /etc/nginx/conf.d/default.conf:14
2020/02/17 19:22:48 [emerg] 1#1: host not found in upstream "php-fpm" in /etc/nginx/conf.d/default.conf:14
2020/02/17 19:22:51 [emerg] 1#1: host not found in upstream "php-fpm" in /etc/nginx/conf.d/default.conf:14
2020/02/17 19:22:53 [emerg] 1#1: host not found in upstream "php-fpm" in /etc/nginx/conf.d/default.conf:14
2020/02/17 19:22:56 [emerg] 1#1: host not found in upstream "php-fpm" in /etc/nginx/conf.d/default.conf:14
2020/02/17 19:23:01 [emerg] 1#1: host not found in upstream "php-fpm" in /etc/nginx/conf.d/default.conf:14
2020/02/17 19:23:09 [emerg] 1#1: host not found in upstream "php-fpm" in /etc/nginx/conf.d/default.conf:14
2020/02/17 19:23:23 [emerg] 1#1: host not found in upstream "php-fpm" in /etc/nginx/conf.d/default.conf:14
2020/02/17 19:23:50 [emerg] 1#1: host not found in upstream "php-fpm" in /etc/nginx/conf.d/default.conf:14
2020/02/17 19:24:43 [emerg] 1#1: host not found in upstream "php-fpm" in /etc/nginx/conf.d/default.conf:14
2020/02/17 19:27:03 [emerg] 1#1: host not found in upstream "php-fpm" in /etc/nginx/conf.d/default.conf:14
2020/02/17 19:27:05 [emerg] 1#1: host not found in upstream "php-fpm" in /etc/nginx/conf.d/default.conf:14
2020/02/17 19:27:08 [emerg] 1#1: host not found in upstream "php-fpm" in /etc/nginx/conf.d/default.conf:14
2020/02/17 19:27:11 [emerg] 1#1: host not found in upstream "php-fpm" in /etc/nginx/conf.d/default.conf:14
2020/02/17 19:27:13 [emerg] 1#1: host not found in upstream "php-fpm" in /etc/nginx/conf.d/default.conf:14
2020/02/17 19:27:16 [emerg] 1#1: host not found in upstream "php-fpm" in /etc/nginx/conf.d/default.conf:14
2020/02/17 19:27:21 [emerg] 1#1: host not found in upstream "php-fpm" in /etc/nginx/conf.d/default.conf:14
2020/02/17 19:28:04 [emerg] 1#1: host not found in upstream "php-fpm" in /etc/nginx/conf.d/default.conf:14
2020/02/17 19:28:07 [emerg] 1#1: host not found in upstream "php-fpm" in /etc/nginx/conf.d/default.conf:14
2020/02/17 19:28:10 [emerg] 1#1: host not found in upstream "php-fpm" in /etc/nginx/conf.d/default.conf:14
2020/02/17 19:28:12 [emerg] 1#1: host not found in upstream "php-fpm" in /etc/nginx/conf.d/default.conf:14
2020/02/17 19:28:14 [emerg] 1#1: host not found in upstream "php-fpm" in /etc/nginx/conf.d/default.conf:14
2020/02/17 19:28:17 [emerg] 1#1: host not found in upstream "php-fpm" in /etc/nginx/conf.d/default.conf:14
2020/02/17 19:28:22 [emerg] 1#1: host not found in upstream "php-fpm" in /etc/nginx/conf.d/default.conf:14
2020/02/17 19:28:30 [emerg] 1#1: host not found in upstream "php-fpm" in /etc/nginx/conf.d/default.conf:14
2020/02/17 19:28:45 [emerg] 1#1: host not found in upstream "php-fpm" in /etc/nginx/conf.d/default.conf:14
2020/02/17 19:29:12 [emerg] 1#1: host not found in upstream "php-fpm" in /etc/nginx/conf.d/default.conf:14
2020/02/17 19:30:07 [emerg] 1#1: host not found in upstream "php-fpm" in /etc/nginx/conf.d/default.conf:14
2020/02/17 19:30:09 [emerg] 1#1: host not found in upstream "php-fpm" in /etc/nginx/conf.d/default.conf:14
2020/02/17 19:30:12 [emerg] 1#1: host not found in upstream "php-fpm" in /etc/nginx/conf.d/default.conf:14
2020/02/17 19:30:15 [emerg] 1#1: host not found in upstream "php-fpm" in /etc/nginx/conf.d/default.conf:14
2020/02/17 19:30:17 [emerg] 1#1: host not found in upstream "php-fpm" in /etc/nginx/conf.d/default.conf:14
2020/02/17 19:30:20 [emerg] 1#1: host not found in upstream "php-fpm" in /etc/nginx/conf.d/default.conf:14
2020/02/17 19:30:25 [emerg] 1#1: host not found in upstream "php-fpm" in /etc/nginx/conf.d/default.conf:14
2020/02/17 19:30:33 [emerg] 1#1: host not found in upstream "php-fpm" in /etc/nginx/conf.d/default.conf:14
2020/02/17 19:30:47 [emerg] 1#1: host not found in upstream "php-fpm" in /etc/nginx/conf.d/default.conf:14
2020/02/17 19:31:15 [emerg] 1#1: host not found in upstream "php-fpm" in /etc/nginx/conf.d/default.conf:14
2020/02/17 19:32:07 [emerg] 1#1: host not found in upstream "php-fpm" in /etc/nginx/conf.d/default.conf:14
2020/02/17 19:33:09 [emerg] 1#1: host not found in upstream "php-fpm" in /etc/nginx/conf.d/default.conf:14
2020/02/17 19:34:10 [emerg] 1#1: host not found in upstream "php-fpm" in /etc/nginx/conf.d/default.conf:14
2020/02/17 19:35:12 [emerg] 1#1: host not found in upstream "php-fpm" in /etc/nginx/conf.d/default.conf:14
2020/02/17 19:36:14 [emerg] 1#1: host not found in upstream "php-fpm" in /etc/nginx/conf.d/default.conf:14
2020/02/17 19:37:16 [emerg] 1#1: host not found in upstream "php-fpm" in /etc/nginx/conf.d/default.conf:14
2020/02/17 19:38:17 [emerg] 1#1: host not found in upstream "php-fpm" in /etc/nginx/conf.d/api.conf:14
2020/02/17 19:38:45 [emerg] 1#1: host not found in upstream "php-fpm" in /etc/nginx/conf.d/api.conf:14
2020/02/17 19:38:47 [emerg] 1#1: host not found in upstream "php-fpm" in /etc/nginx/conf.d/api.conf:14
2020/02/17 19:38:50 [emerg] 1#1: host not found in upstream "php-fpm" in /etc/nginx/conf.d/api.conf:14
2020/02/17 19:38:52 [emerg] 1#1: host not found in upstream "php-fpm" in /etc/nginx/conf.d/api.conf:14
2020/02/17 19:38:55 [emerg] 1#1: host not found in upstream "php-fpm" in /etc/nginx/conf.d/api.conf:14
2020/02/17 19:38:57 [emerg] 1#1: host not found in upstream "php-fpm" in /etc/nginx/conf.d/api.conf:14
2020/02/17 19:39:02 [emerg] 1#1: host not found in upstream "php-fpm" in /etc/nginx/conf.d/api.conf:14
2020/02/17 19:39:11 [emerg] 1#1: host not found in upstream "php-fpm" in /etc/nginx/conf.d/api.conf:14
2020/02/17 19:39:25 [emerg] 1#1: host not found in upstream "php-fpm" in /etc/nginx/conf.d/api.conf:14
2020/02/17 19:39:52 [emerg] 1#1: host not found in upstream "php-fpm" in /etc/nginx/conf.d/api.conf:14
2020/02/17 19:40:44 [emerg] 1#1: host not found in upstream "php-fpm" in /etc/nginx/conf.d/api.conf:14
2020/02/17 19:41:46 [emerg] 1#1: host not found in upstream "php-fpm" in /etc/nginx/conf.d/api.conf:14
2020/02/17 19:43:46 [emerg] 1#1: host not found in upstream "php-fpm" in /etc/nginx/conf.d/api.conf:14
2020/02/17 19:43:49 [emerg] 1#1: host not found in upstream "php-fpm" in /etc/nginx/conf.d/api.conf:14
2020/02/17 19:43:51 [emerg] 1#1: host not found in upstream "php-fpm" in /etc/nginx/conf.d/api.conf:14
2020/02/17 19:43:54 [emerg] 1#1: host not found in upstream "php-fpm" in /etc/nginx/conf.d/api.conf:14
2020/02/17 19:43:56 [emerg] 1#1: host not found in upstream "php-fpm" in /etc/nginx/conf.d/api.conf:14
2020/02/17 19:43:59 [emerg] 1#1: host not found in upstream "php-fpm" in /etc/nginx/conf.d/api.conf:14
2020/02/17 19:44:04 [emerg] 1#1: host not found in upstream "php-fpm" in /etc/nginx/conf.d/api.conf:14
2020/02/17 19:44:12 [emerg] 1#1: host not found in upstream "php-fpm" in /etc/nginx/conf.d/api.conf:14
2020/02/17 19:44:27 [emerg] 1#1: host not found in upstream "php-fpm" in /etc/nginx/conf.d/api.conf:14
2020/02/17 19:44:54 [emerg] 1#1: host not found in upstream "php-fpm" in /etc/nginx/conf.d/api.conf:14
2020/02/17 19:45:48 [emerg] 1#1: host not found in upstream "php-fpm" in /etc/nginx/conf.d/api.conf:14
2020/02/17 19:46:51 [emerg] 1#1: host not found in upstream "php-fpm" in /etc/nginx/conf.d/api.conf:14
2020/02/17 19:47:53 [emerg] 1#1: host not found in upstream "php-fpm" in /etc/nginx/conf.d/api.conf:14
2020/02/17 19:48:54 [emerg] 1#1: host not found in upstream "php-fpm" in /etc/nginx/conf.d/api.conf:14
2020/02/17 19:49:56 [emerg] 1#1: host not found in upstream "php-fpm" in /etc/nginx/conf.d/api.conf:14
2020/02/17 19:50:58 [emerg] 1#1: host not found in upstream "php-fpm" in /etc/nginx/conf.d/api.conf:14
2020/02/17 19:52:00 [emerg] 1#1: host not found in upstream "php-fpm" in /etc/nginx/conf.d/api.conf:14
2020/02/17 19:53:03 [emerg] 1#1: host not found in upstream "php-fpm" in /etc/nginx/conf.d/api.conf:14
2020/02/17 19:54:05 [emerg] 1#1: host not found in upstream "php-fpm" in /etc/nginx/conf.d/api.conf:14
2020/02/17 19:55:06 [emerg] 1#1: host not found in upstream "php-fpm" in /etc/nginx/conf.d/api.conf:14
2020/02/17 19:56:08 [emerg] 1#1: host not found in upstream "php-fpm" in /etc/nginx/conf.d/api.conf:14
2020/02/17 19:57:09 [emerg] 1#1: host not found in upstream "php-fpm" in /etc/nginx/conf.d/api.conf:14
2020/02/17 19:58:11 [emerg] 1#1: host not found in upstream "php-fpm" in /etc/nginx/conf.d/api.conf:14
2020/02/17 19:59:12 [emerg] 1#1: host not found in upstream "php-fpm" in /etc/nginx/conf.d/api.conf:14
2020/02/17 20:00:13 [emerg] 1#1: host not found in upstream "php-fpm" in /etc/nginx/conf.d/api.conf:14
2020/02/17 20:01:15 [emerg] 1#1: host not found in upstream "php-fpm" in /etc/nginx/conf.d/api.conf:14
2020/02/17 20:02:12 [emerg] 1#1: host not found in upstream "php-fpm" in /etc/nginx/conf.d/api.conf:14
2020/02/17 20:02:14 [emerg] 1#1: host not found in upstream "php-fpm" in /etc/nginx/conf.d/api.conf:14
2020/02/17 20:02:17 [emerg] 1#1: host not found in upstream "php-fpm" in /etc/nginx/conf.d/api.conf:14
2020/02/17 20:02:20 [emerg] 1#1: host not found in upstream "php-fpm" in /etc/nginx/conf.d/api.conf:14
2020/02/17 20:02:22 [emerg] 1#1: host not found in upstream "php-fpm" in /etc/nginx/conf.d/api.conf:14
2020/02/17 20:02:25 [emerg] 1#1: host not found in upstream "php-fpm" in /etc/nginx/conf.d/api.conf:14
2020/02/17 20:02:30 [emerg] 1#1: host not found in upstream "php-fpm" in /etc/nginx/conf.d/api.conf:14
2020/02/17 20:02:38 [emerg] 1#1: host not found in upstream "php-fpm" in /etc/nginx/conf.d/api.conf:14
2020/02/17 20:02:52 [emerg] 1#1: host not found in upstream "php-fpm" in /etc/nginx/conf.d/api.conf:14
2020/02/17 20:03:19 [emerg] 1#1: host not found in upstream "php-fpm" in /etc/nginx/conf.d/api.conf:14
2020/02/17 20:04:12 [emerg] 1#1: host not found in upstream "php-fpm" in /etc/nginx/conf.d/api.conf:14
2020/02/17 20:05:14 [emerg] 1#1: host not found in upstream "php-fpm" in /etc/nginx/conf.d/api.conf:14
2020/02/17 20:06:15 [emerg] 1#1: host not found in upstream "php-fpm" in /etc/nginx/conf.d/api.conf:14
2020/02/17 20:07:17 [emerg] 1#1: host not found in upstream "php-fpm" in /etc/nginx/conf.d/api.conf:14
2020/02/17 20:08:18 [emerg] 1#1: host not found in upstream "php-fpm" in /etc/nginx/conf.d/api.conf:14
2020/02/17 20:25:52 [emerg] 1#1: host not found in upstream "php-fpm" in /etc/nginx/conf.d/api.conf:14
2020/02/17 20:25:55 [emerg] 1#1: host not found in upstream "php-fpm" in /etc/nginx/conf.d/api.conf:14
2020/02/17 20:25:58 [emerg] 1#1: host not found in upstream "php-fpm" in /etc/nginx/conf.d/api.conf:14
2020/02/17 20:26:01 [emerg] 1#1: host not found in upstream "php-fpm" in /etc/nginx/conf.d/api.conf:14
2020/02/17 20:26:03 [emerg] 1#1: host not found in upstream "php-fpm" in /etc/nginx/conf.d/api.conf:14
2020/02/17 20:26:06 [emerg] 1#1: host not found in upstream "php-fpm" in /etc/nginx/conf.d/api.conf:14
2020/02/17 20:26:11 [emerg] 1#1: host not found in upstream "php-fpm" in /etc/nginx/conf.d/api.conf:14
2020/02/17 20:26:20 [emerg] 1#1: host not found in upstream "php-fpm" in /etc/nginx/conf.d/api.conf:14
2020/02/17 20:26:35 [emerg] 1#1: host not found in upstream "php-fpm" in /etc/nginx/conf.d/api.conf:14
2020/02/17 20:27:02 [emerg] 1#1: host not found in upstream "php-fpm" in /etc/nginx/conf.d/api.conf:14
2020/02/17 20:27:55 [emerg] 1#1: host not found in upstream "php-fpm" in /etc/nginx/conf.d/api.conf:14
2020/02/17 20:28:57 [emerg] 1#1: host not found in upstream "php-fpm" in /etc/nginx/conf.d/api.conf:14
2020/02/17 20:29:58 [emerg] 1#1: host not found in upstream "php-fpm" in /etc/nginx/conf.d/api.conf:14
2020/02/17 20:31:01 [emerg] 1#1: host not found in upstream "php-fpm" in /etc/nginx/conf.d/api.conf:14
2020/02/17 20:32:02 [emerg] 1#1: host not found in upstream "php-fpm" in /etc/nginx/conf.d/api.conf:14
2020/02/18 00:23:17 [emerg] 1#1: host not found in upstream "php-fpm" in /etc/nginx/conf.d/api.conf:14
2020/02/18 00:23:19 [emerg] 1#1: host not found in upstream "php-fpm" in /etc/nginx/conf.d/api.conf:14
2020/02/18 00:23:20 [emerg] 1#1: host not found in upstream "php-fpm" in /etc/nginx/conf.d/api.conf:14
2020/02/18 00:23:22 [emerg] 1#1: host not found in upstream "php-fpm" in /etc/nginx/conf.d/api.conf:14
2020/02/18 00:23:23 [emerg] 1#1: host not found in upstream "php-fpm" in /etc/nginx/conf.d/api.conf:14
2020/02/18 00:23:26 [emerg] 1#1: host not found in upstream "php-fpm" in /etc/nginx/conf.d/api.conf:14
2020/02/18 00:23:30 [emerg] 1#1: host not found in upstream "php-fpm" in /etc/nginx/conf.d/api.conf:14
2020/02/18 00:23:37 [emerg] 1#1: host not found in upstream "php-fpm" in /etc/nginx/conf.d/api.conf:14
2020/02/18 00:23:50 [emerg] 1#1: host not found in upstream "php-fpm" in /etc/nginx/conf.d/api.conf:14
2020/02/18 00:24:34 [emerg] 1#1: host not found in upstream "php-fpm" in /etc/nginx/conf.d/api.conf:14
2020/02/18 00:24:35 [emerg] 1#1: host not found in upstream "php-fpm" in /etc/nginx/conf.d/api.conf:14
2020/02/18 00:24:36 [emerg] 1#1: host not found in upstream "php-fpm" in /etc/nginx/conf.d/api.conf:14
2020/02/18 00:24:38 [emerg] 1#1: host not found in upstream "php-fpm" in /etc/nginx/conf.d/api.conf:14
2020/02/18 00:24:39 [emerg] 1#1: host not found in upstream "php-fpm" in /etc/nginx/conf.d/api.conf:14
2020/02/18 00:24:42 [emerg] 1#1: host not found in upstream "php-fpm" in /etc/nginx/conf.d/api.conf:14
2020/02/18 00:24:50 [emerg] 1#1: host not found in upstream "php-fpm" in /etc/nginx/conf.d/api.conf:14
2020/02/18 00:24:51 [emerg] 1#1: host not found in upstream "php-fpm" in /etc/nginx/conf.d/api.conf:14
2020/02/18 00:24:53 [emerg] 1#1: host not found in upstream "php-fpm" in /etc/nginx/conf.d/api.conf:14
2020/02/18 00:24:54 [emerg] 1#1: host not found in upstream "php-fpm" in /etc/nginx/conf.d/api.conf:14
2020/02/18 00:24:56 [emerg] 1#1: host not found in upstream "php-fpm" in /etc/nginx/conf.d/api.conf:14
2020/02/18 00:24:58 [emerg] 1#1: host not found in upstream "php-fpm" in /etc/nginx/conf.d/api.conf:14
2020/02/18 00:25:02 [emerg] 1#1: host not found in upstream "php-fpm" in /etc/nginx/conf.d/api.conf:14
2020/02/18 00:25:09 [emerg] 1#1: host not found in upstream "php-fpm" in /etc/nginx/conf.d/api.conf:14
2020/02/18 00:25:23 [emerg] 1#1: host not found in upstream "php-fpm" in /etc/nginx/conf.d/api.conf:14
2020/02/18 00:25:49 [emerg] 1#1: host not found in upstream "php-fpm" in /etc/nginx/conf.d/api.conf:14
2020/02/18 20:45:00 [error] 6#6: *1 connect() failed (111: Connection refused) while connecting to upstream, client: 192.168.240.1, server: localhost, request: "HEAD / HTTP/1.1", upstream: "fastcgi://192.168.240.3:9000", host: "localhost:8000"
2020/02/18 20:45:00 [error] 6#6: *1 connect() failed (111: Connection refused) while connecting to upstream, client: 192.168.240.1, server: localhost, request: "HEAD / HTTP/1.1", upstream: "fastcgi://192.168.240.3:9000", host: "localhost:8000"
2020/02/19 01:11:48 [error] 8#8: *1 connect() failed (111: Connection refused) while connecting to upstream, client: 172.28.0.1, server: localhost, request: "HEAD / HTTP/1.1", upstream: "fastcgi://172.28.0.3:9000", host: "localhost:8000"
2020/02/19 02:28:06 [error] 7#7: *1 connect() failed (111: Connection refused) while connecting to upstream, client: 172.28.0.1, server: localhost, request: "HEAD / HTTP/1.1", upstream: "fastcgi://172.28.0.3:9000", host: "localhost:8000"
